<?xml version="1.0" encoding="UTF-8"?>
<testng-results skipped="0" failed="0" ignored="0" total="1" passed="1">
  <reporter-output>
  </reporter-output>
  <suite name="Default suite" duration-ms="5432" started-at="2021-09-24T10:14:37 IST" finished-at="2021-09-24T10:14:42 IST">
    <groups>
    </groups>
    <test name="Default test" duration-ms="5432" started-at="2021-09-24T10:14:37 IST" finished-at="2021-09-24T10:14:42 IST">
      <class name="com.TestLayer.Demo1">
        <test-method status="PASS" signature="setUp()[pri:0, instance:com.TestLayer.Demo1@72b6cbcc]" name="setUp" duration-ms="5380" started-at="2021-09-24T10:14:37 IST" finished-at="2021-09-24T10:14:42 IST">
          <reporter-output>
          </reporter-output>
        </test-method> <!-- setUp -->
      </class> <!-- com.TestLayer.Demo1 -->
    </test> <!-- Default test -->
  </suite> <!-- Default suite -->
</testng-results>
